mode: atomic
github.com/kart-io/notifyhub/queue/queue.go:60.38,62.2 1 3
github.com/kart-io/notifyhub/queue/queue.go:65.102,67.2 1 1
github.com/kart-io/notifyhub/notifiers/base.go:71.43,72.20 1 0
github.com/kart-io/notifyhub/notifiers/base.go:72.20,74.3 1 0
github.com/kart-io/notifyhub/notifiers/base.go:75.2,75.82 1 0
github.com/kart-io/notifyhub/notifiers/base.go:82.44,84.25 2 0
github.com/kart-io/notifyhub/notifiers/base.go:84.25,86.3 1 0
github.com/kart-io/notifyhub/notifiers/base.go:87.2,87.37 1 0
github.com/kart-io/notifyhub/notifiers/base.go:91.64,97.2 1 0
github.com/kart-io/notifyhub/notifiers/base.go:100.46,102.2 1 0
github.com/kart-io/notifyhub/notifiers/base.go:114.42,115.16 1 0
github.com/kart-io/notifyhub/notifiers/base.go:115.16,117.3 1 0
github.com/kart-io/notifyhub/notifiers/base.go:119.2,122.40 2 0
github.com/kart-io/notifyhub/notifiers/base.go:122.40,124.3 1 0
github.com/kart-io/notifyhub/notifiers/base.go:124.8,124.33 1 0
github.com/kart-io/notifyhub/notifiers/base.go:124.33,126.3 1 0
github.com/kart-io/notifyhub/notifiers/base.go:129.2,129.39 1 0
github.com/kart-io/notifyhub/notifiers/base.go:129.39,131.3 1 0
github.com/kart-io/notifyhub/notifiers/base.go:131.8,131.33 1 0
github.com/kart-io/notifyhub/notifiers/base.go:131.33,133.3 1 0
github.com/kart-io/notifyhub/notifiers/base.go:136.2,136.42 1 0
github.com/kart-io/notifyhub/notifiers/base.go:136.42,138.3 1 0
github.com/kart-io/notifyhub/notifiers/base.go:141.2,141.27 1 0
github.com/kart-io/notifyhub/notifiers/base.go:141.27,143.3 1 0
github.com/kart-io/notifyhub/notifiers/base.go:143.8,144.38 1 0
github.com/kart-io/notifyhub/notifiers/base.go:144.38,145.49 1 0
github.com/kart-io/notifyhub/notifiers/base.go:145.49,146.56 1 0
github.com/kart-io/notifyhub/notifiers/base.go:146.56,147.39 1 0
github.com/kart-io/notifyhub/notifiers/base.go:147.39,149.7 1 0
github.com/kart-io/notifyhub/notifiers/base.go:150.11,152.6 1 0
github.com/kart-io/notifyhub/notifiers/base.go:157.2,157.24 1 0
github.com/kart-io/notifyhub/notifiers/base.go:157.24,159.3 1 0
github.com/kart-io/notifyhub/notifiers/base.go:161.2,161.12 1 0
github.com/kart-io/notifyhub/notifiers/base.go:165.42,171.32 4 0
github.com/kart-io/notifyhub/notifiers/base.go:171.32,172.24 1 0
github.com/kart-io/notifyhub/notifiers/base.go:172.24,174.9 2 0
github.com/kart-io/notifyhub/notifiers/base.go:177.2,177.16 1 0
github.com/kart-io/notifyhub/notifiers/base.go:177.16,179.33 2 0
github.com/kart-io/notifyhub/notifiers/base.go:179.33,181.4 1 0
github.com/kart-io/notifyhub/notifiers/base.go:182.3,182.128 1 0
github.com/kart-io/notifyhub/notifiers/base.go:186.2,187.17 2 0
github.com/kart-io/notifyhub/notifiers/base.go:187.17,189.3 1 0
github.com/kart-io/notifyhub/notifiers/base.go:189.8,189.29 1 0
github.com/kart-io/notifyhub/notifiers/base.go:189.29,191.3 1 0
github.com/kart-io/notifyhub/notifiers/base.go:194.2,194.21 1 0
github.com/kart-io/notifyhub/notifiers/base.go:195.23,196.27 1 0
github.com/kart-io/notifyhub/notifiers/base.go:196.27,198.4 1 0
github.com/kart-io/notifyhub/notifiers/base.go:199.58,200.21 1 0
github.com/kart-io/notifyhub/notifiers/base.go:200.21,202.4 1 0
github.com/kart-io/notifyhub/notifiers/base.go:205.2,205.24 1 0
github.com/kart-io/notifyhub/notifiers/base.go:205.24,207.3 1 0
github.com/kart-io/notifyhub/notifiers/base.go:209.2,209.12 1 0
github.com/kart-io/notifyhub/notifiers/base.go:213.38,215.41 2 0
github.com/kart-io/notifyhub/notifiers/base.go:215.41,217.3 1 0
github.com/kart-io/notifyhub/notifiers/base.go:220.2,221.21 2 0
github.com/kart-io/notifyhub/notifiers/base.go:221.21,223.3 1 0
github.com/kart-io/notifyhub/notifiers/base.go:225.2,226.81 2 0
github.com/kart-io/notifyhub/notifiers/base.go:226.81,228.3 1 0
github.com/kart-io/notifyhub/notifiers/base.go:231.2,231.36 1 0
github.com/kart-io/notifyhub/notifiers/base.go:231.36,233.3 1 0
github.com/kart-io/notifyhub/notifiers/base.go:235.2,235.13 1 0
github.com/kart-io/notifyhub/notifiers/email.go:30.130,31.18 1 2
github.com/kart-io/notifyhub/notifiers/email.go:31.18,33.3 1 0
github.com/kart-io/notifyhub/notifiers/email.go:34.2,43.3 1 2
github.com/kart-io/notifyhub/notifiers/email.go:47.186,48.18 1 0
github.com/kart-io/notifyhub/notifiers/email.go:48.18,50.3 1 0
github.com/kart-io/notifyhub/notifiers/email.go:51.2,60.3 1 0
github.com/kart-io/notifyhub/notifiers/email.go:64.39,66.2 1 2
github.com/kart-io/notifyhub/notifiers/email.go:69.60,70.57 1 5
github.com/kart-io/notifyhub/notifiers/email.go:70.57,72.3 1 0
github.com/kart-io/notifyhub/notifiers/email.go:73.2,73.78 1 5
github.com/kart-io/notifyhub/notifiers/email.go:77.92,80.41 2 1
github.com/kart-io/notifyhub/notifiers/email.go:80.41,81.31 1 1
github.com/kart-io/notifyhub/notifiers/email.go:81.31,84.4 2 1
github.com/kart-io/notifyhub/notifiers/email.go:87.2,87.23 1 1
github.com/kart-io/notifyhub/notifiers/email.go:87.23,89.3 1 0
github.com/kart-io/notifyhub/notifiers/email.go:91.2,91.21 1 1
github.com/kart-io/notifyhub/notifiers/email.go:95.101,105.73 3 1
github.com/kart-io/notifyhub/notifiers/email.go:105.73,109.3 3 0
github.com/kart-io/notifyhub/notifiers/email.go:111.2,112.19 2 1
github.com/kart-io/notifyhub/notifiers/email.go:112.19,114.3 1 0
github.com/kart-io/notifyhub/notifiers/email.go:116.2,121.42 4 1
github.com/kart-io/notifyhub/notifiers/email.go:121.42,123.3 1 1
github.com/kart-io/notifyhub/notifiers/email.go:125.2,130.16 5 1
github.com/kart-io/notifyhub/notifiers/email.go:130.16,132.3 1 1
github.com/kart-io/notifyhub/notifiers/email.go:134.2,134.15 1 1
github.com/kart-io/notifyhub/notifiers/email.go:138.65,142.24 2 1
github.com/kart-io/notifyhub/notifiers/email.go:143.22,144.32 1 0
github.com/kart-io/notifyhub/notifiers/email.go:145.18,146.28 1 1
github.com/kart-io/notifyhub/notifiers/email.go:150.2,150.31 1 1
github.com/kart-io/notifyhub/notifiers/email.go:150.31,152.44 2 0
github.com/kart-io/notifyhub/notifiers/email.go:152.44,154.4 1 0
github.com/kart-io/notifyhub/notifiers/email.go:158.2,160.13 2 1
github.com/kart-io/notifyhub/notifiers/email.go:164.82,168.2 2 1
github.com/kart-io/notifyhub/notifiers/email.go:171.64,178.2 5 0
github.com/kart-io/notifyhub/notifiers/email.go:181.56,188.2 5 1
github.com/kart-io/notifyhub/notifiers/email.go:191.59,192.34 1 1
github.com/kart-io/notifyhub/notifiers/email.go:192.34,194.3 1 0
github.com/kart-io/notifyhub/notifiers/email.go:197.2,199.16 3 1
github.com/kart-io/notifyhub/notifiers/email.go:199.16,201.3 1 1
github.com/kart-io/notifyhub/notifiers/email.go:202.2,205.42 2 0
github.com/kart-io/notifyhub/notifiers/email.go:205.42,207.43 2 0
github.com/kart-io/notifyhub/notifiers/email.go:207.43,209.4 1 0
github.com/kart-io/notifyhub/notifiers/email.go:212.2,212.12 1 0
github.com/kart-io/notifyhub/notifiers/email.go:216.61,220.2 1 0
github.com/kart-io/notifyhub/notifiers/feishu.go:28.90,29.18 1 2
github.com/kart-io/notifyhub/notifiers/feishu.go:29.18,31.3 1 0
github.com/kart-io/notifyhub/notifiers/feishu.go:32.2,38.3 1 2
github.com/kart-io/notifyhub/notifiers/feishu.go:42.146,43.18 1 0
github.com/kart-io/notifyhub/notifiers/feishu.go:43.18,45.3 1 0
github.com/kart-io/notifyhub/notifiers/feishu.go:46.2,52.3 1 0
github.com/kart-io/notifyhub/notifiers/feishu.go:56.40,58.2 1 2
github.com/kart-io/notifyhub/notifiers/feishu.go:61.61,62.58 1 6
github.com/kart-io/notifyhub/notifiers/feishu.go:62.58,64.3 1 1
github.com/kart-io/notifyhub/notifiers/feishu.go:65.2,65.72 1 5
github.com/kart-io/notifyhub/notifiers/feishu.go:69.93,73.31 2 1
github.com/kart-io/notifyhub/notifiers/feishu.go:73.31,77.3 3 0
github.com/kart-io/notifyhub/notifiers/feishu.go:80.2,80.41 1 1
github.com/kart-io/notifyhub/notifiers/feishu.go:80.41,81.31 1 1
github.com/kart-io/notifyhub/notifiers/feishu.go:81.31,84.4 2 1
github.com/kart-io/notifyhub/notifiers/feishu.go:87.2,87.21 1 1
github.com/kart-io/notifyhub/notifiers/feishu.go:91.106,101.73 3 1
github.com/kart-io/notifyhub/notifiers/feishu.go:101.73,105.3 3 0
github.com/kart-io/notifyhub/notifiers/feishu.go:108.2,111.16 3 1
github.com/kart-io/notifyhub/notifiers/feishu.go:111.16,115.3 3 0
github.com/kart-io/notifyhub/notifiers/feishu.go:117.2,118.16 2 1
github.com/kart-io/notifyhub/notifiers/feishu.go:118.16,122.3 3 0
github.com/kart-io/notifyhub/notifiers/feishu.go:123.2,126.16 3 1
github.com/kart-io/notifyhub/notifiers/feishu.go:126.16,130.3 3 0
github.com/kart-io/notifyhub/notifiers/feishu.go:131.2,135.21 4 1
github.com/kart-io/notifyhub/notifiers/feishu.go:135.21,137.3 1 0
github.com/kart-io/notifyhub/notifiers/feishu.go:139.2,139.15 1 1
github.com/kart-io/notifyhub/notifiers/feishu.go:143.95,146.24 2 1
github.com/kart-io/notifyhub/notifiers/feishu.go:147.18,153.4 1 1
github.com/kart-io/notifyhub/notifiers/feishu.go:154.22,167.4 1 0
github.com/kart-io/notifyhub/notifiers/feishu.go:168.10,174.4 1 0
github.com/kart-io/notifyhub/notifiers/feishu.go:178.2,180.16 2 1
github.com/kart-io/notifyhub/notifiers/feishu.go:184.69,186.25 2 1
github.com/kart-io/notifyhub/notifiers/feishu.go:186.25,188.3 1 1
github.com/kart-io/notifyhub/notifiers/feishu.go:188.8,190.3 1 0
github.com/kart-io/notifyhub/notifiers/feishu.go:193.2,193.31 1 1
github.com/kart-io/notifyhub/notifiers/feishu.go:193.31,195.44 2 0
github.com/kart-io/notifyhub/notifiers/feishu.go:195.44,197.4 1 0
github.com/kart-io/notifyhub/notifiers/feishu.go:200.2,200.16 1 1
github.com/kart-io/notifyhub/notifiers/feishu.go:204.88,205.64 1 1
github.com/kart-io/notifyhub/notifiers/feishu.go:205.64,206.64 1 0
github.com/kart-io/notifyhub/notifiers/feishu.go:206.64,208.4 1 0
github.com/kart-io/notifyhub/notifiers/feishu.go:213.60,214.24 1 1
github.com/kart-io/notifyhub/notifiers/feishu.go:214.24,216.3 1 0
github.com/kart-io/notifyhub/notifiers/feishu.go:217.2,217.12 1 1
github.com/kart-io/notifyhub/notifiers/feishu.go:221.62,223.21 1 0
github.com/kart-io/notifyhub/notifiers/feishu.go:223.21,225.3 1 0
github.com/kart-io/notifyhub/notifiers/feishu.go:226.2,226.12 1 0
github.com/kart-io/notifyhub/notifiers/mock.go:19.49,32.2 1 0
github.com/kart-io/notifyhub/notifiers/mock.go:35.82,38.2 2 0
github.com/kart-io/notifyhub/notifiers/mock.go:41.52,44.2 2 0
github.com/kart-io/notifyhub/notifiers/mock.go:47.69,50.2 2 0
github.com/kart-io/notifyhub/notifiers/mock.go:53.41,55.2 1 0
github.com/kart-io/notifyhub/notifiers/mock.go:58.38,60.2 1 0
github.com/kart-io/notifyhub/notifiers/mock.go:63.59,65.2 1 0
github.com/kart-io/notifyhub/notifiers/mock.go:68.59,69.51 1 0
github.com/kart-io/notifyhub/notifiers/mock.go:69.51,70.35 1 0
github.com/kart-io/notifyhub/notifiers/mock.go:70.35,72.4 1 0
github.com/kart-io/notifyhub/notifiers/mock.go:74.2,74.14 1 0
github.com/kart-io/notifyhub/notifiers/mock.go:78.91,79.17 1 0
github.com/kart-io/notifyhub/notifiers/mock.go:79.17,81.3 1 0
github.com/kart-io/notifyhub/notifiers/mock.go:83.2,85.41 2 0
github.com/kart-io/notifyhub/notifiers/mock.go:85.41,95.19 2 0
github.com/kart-io/notifyhub/notifiers/mock.go:95.19,97.4 1 0
github.com/kart-io/notifyhub/notifiers/mock.go:99.3,100.48 2 0
github.com/kart-io/notifyhub/notifiers/mock.go:103.2,103.18 1 0
github.com/kart-io/notifyhub/notifiers/mock.go:103.18,105.3 1 0
github.com/kart-io/notifyhub/notifiers/mock.go:107.2,107.21 1 0
github.com/kart-io/notifyhub/notifiers/mock.go:111.61,112.18 1 0
github.com/kart-io/notifyhub/notifiers/mock.go:112.18,114.3 1 0
github.com/kart-io/notifyhub/notifiers/mock.go:115.2,115.12 1 0
github.com/kart-io/notifyhub/notifiers/mock.go:119.58,121.2 1 0
github.com/kart-io/notifyhub/notifiers/mock.go:124.60,127.2 1 0
github.com/kart-io/notifyhub/notifiers/mock.go:130.55,132.2 1 0
github.com/kart-io/notifyhub/notifiers/mock.go:135.43,137.2 1 0
github.com/kart-io/notifyhub/notifiers/mock.go:140.32,142.2 1 0
github.com/kart-io/notifyhub/logger/adapters/adapters.go:21.57,23.2 1 0
github.com/kart-io/notifyhub/logger/adapters/adapters.go:26.61,28.2 1 0
github.com/kart-io/notifyhub/logger/adapters/adapters.go:31.50,33.2 1 0
github.com/kart-io/notifyhub/logger/adapters/adapters.go:36.55,38.2 1 0
github.com/kart-io/notifyhub/logger/adapters/adapters.go:57.90,62.2 1 0
github.com/kart-io/notifyhub/logger/adapters/adapters.go:64.73,69.2 1 0
github.com/kart-io/notifyhub/logger/adapters/adapters.go:71.84,72.30 1 0
github.com/kart-io/notifyhub/logger/adapters/adapters.go:72.30,75.3 2 0
github.com/kart-io/notifyhub/logger/adapters/adapters.go:78.84,79.30 1 0
github.com/kart-io/notifyhub/logger/adapters/adapters.go:79.30,82.3 2 0
github.com/kart-io/notifyhub/logger/adapters/adapters.go:85.85,86.31 1 0
github.com/kart-io/notifyhub/logger/adapters/adapters.go:86.31,89.3 2 0
github.com/kart-io/notifyhub/logger/adapters/adapters.go:92.85,93.31 1 0
github.com/kart-io/notifyhub/logger/adapters/adapters.go:93.31,96.3 2 0
github.com/kart-io/notifyhub/logger/adapters/adapters.go:99.107,100.30 1 0
github.com/kart-io/notifyhub/logger/adapters/adapters.go:100.30,102.3 1 0
github.com/kart-io/notifyhub/logger/adapters/adapters.go:104.2,113.16 4 0
github.com/kart-io/notifyhub/logger/adapters/adapters.go:113.16,115.32 2 0
github.com/kart-io/notifyhub/logger/adapters/adapters.go:115.32,117.4 1 0
github.com/kart-io/notifyhub/logger/adapters/adapters.go:118.8,119.31 1 0
github.com/kart-io/notifyhub/logger/adapters/adapters.go:119.31,121.4 1 0
github.com/kart-io/notifyhub/logger/adapters/adapters.go:126.81,129.38 2 0
github.com/kart-io/notifyhub/logger/adapters/adapters.go:129.38,130.57 1 0
github.com/kart-io/notifyhub/logger/adapters/adapters.go:130.57,132.4 1 0
github.com/kart-io/notifyhub/logger/adapters/adapters.go:135.2,135.15 1 0
github.com/kart-io/notifyhub/logger/adapters/adapters.go:152.78,157.2 1 0
github.com/kart-io/notifyhub/logger/adapters/adapters.go:159.71,164.2 1 0
github.com/kart-io/notifyhub/logger/adapters/adapters.go:166.82,167.30 1 0
github.com/kart-io/notifyhub/logger/adapters/adapters.go:167.30,169.3 1 0
github.com/kart-io/notifyhub/logger/adapters/adapters.go:172.82,173.30 1 0
github.com/kart-io/notifyhub/logger/adapters/adapters.go:173.30,175.3 1 0
github.com/kart-io/notifyhub/logger/adapters/adapters.go:178.83,179.31 1 0
github.com/kart-io/notifyhub/logger/adapters/adapters.go:179.31,181.3 1 0
github.com/kart-io/notifyhub/logger/adapters/adapters.go:184.83,185.31 1 0
github.com/kart-io/notifyhub/logger/adapters/adapters.go:185.31,187.3 1 0
github.com/kart-io/notifyhub/logger/adapters/adapters.go:190.105,191.30 1 0
github.com/kart-io/notifyhub/logger/adapters/adapters.go:191.30,193.3 1 0
github.com/kart-io/notifyhub/logger/adapters/adapters.go:195.2,198.45 3 0
github.com/kart-io/notifyhub/logger/adapters/adapters.go:198.45,204.3 1 0
github.com/kart-io/notifyhub/logger/adapters/adapters.go:204.8,204.37 1 0
github.com/kart-io/notifyhub/logger/adapters/adapters.go:204.37,209.3 1 0
github.com/kart-io/notifyhub/logger/adapters/adapters.go:229.84,234.2 1 0
github.com/kart-io/notifyhub/logger/adapters/adapters.go:236.73,241.2 1 0
github.com/kart-io/notifyhub/logger/adapters/adapters.go:243.84,244.30 1 0
github.com/kart-io/notifyhub/logger/adapters/adapters.go:244.30,245.20 1 0
github.com/kart-io/notifyhub/logger/adapters/adapters.go:245.20,247.4 1 0
github.com/kart-io/notifyhub/logger/adapters/adapters.go:247.9,249.4 1 0
github.com/kart-io/notifyhub/logger/adapters/adapters.go:253.84,254.30 1 0
github.com/kart-io/notifyhub/logger/adapters/adapters.go:254.30,255.20 1 0
github.com/kart-io/notifyhub/logger/adapters/adapters.go:255.20,257.4 1 0
github.com/kart-io/notifyhub/logger/adapters/adapters.go:257.9,259.4 1 0
github.com/kart-io/notifyhub/logger/adapters/adapters.go:263.85,264.31 1 0
github.com/kart-io/notifyhub/logger/adapters/adapters.go:264.31,265.20 1 0
github.com/kart-io/notifyhub/logger/adapters/adapters.go:265.20,267.4 1 0
github.com/kart-io/notifyhub/logger/adapters/adapters.go:267.9,269.4 1 0
github.com/kart-io/notifyhub/logger/adapters/adapters.go:273.85,274.31 1 0
github.com/kart-io/notifyhub/logger/adapters/adapters.go:274.31,275.20 1 0
github.com/kart-io/notifyhub/logger/adapters/adapters.go:275.20,277.4 1 0
github.com/kart-io/notifyhub/logger/adapters/adapters.go:277.9,279.4 1 0
github.com/kart-io/notifyhub/logger/adapters/adapters.go:283.107,284.30 1 0
github.com/kart-io/notifyhub/logger/adapters/adapters.go:284.30,286.3 1 0
github.com/kart-io/notifyhub/logger/adapters/adapters.go:288.2,291.45 3 0
github.com/kart-io/notifyhub/logger/adapters/adapters.go:291.45,294.3 1 0
github.com/kart-io/notifyhub/logger/adapters/adapters.go:294.8,294.37 1 0
github.com/kart-io/notifyhub/logger/adapters/adapters.go:294.37,297.3 1 0
github.com/kart-io/notifyhub/logger/adapters/adapters.go:323.90,328.2 1 0
github.com/kart-io/notifyhub/logger/adapters/adapters.go:330.73,335.2 1 0
github.com/kart-io/notifyhub/logger/adapters/adapters.go:337.84,338.30 1 0
github.com/kart-io/notifyhub/logger/adapters/adapters.go:338.30,339.20 1 0
github.com/kart-io/notifyhub/logger/adapters/adapters.go:339.20,341.4 1 0
github.com/kart-io/notifyhub/logger/adapters/adapters.go:341.9,343.4 1 0
github.com/kart-io/notifyhub/logger/adapters/adapters.go:347.84,348.30 1 0
github.com/kart-io/notifyhub/logger/adapters/adapters.go:348.30,349.20 1 0
github.com/kart-io/notifyhub/logger/adapters/adapters.go:349.20,351.4 1 0
github.com/kart-io/notifyhub/logger/adapters/adapters.go:351.9,353.4 1 0
github.com/kart-io/notifyhub/logger/adapters/adapters.go:357.85,358.31 1 0
github.com/kart-io/notifyhub/logger/adapters/adapters.go:358.31,359.20 1 0
github.com/kart-io/notifyhub/logger/adapters/adapters.go:359.20,361.4 1 0
github.com/kart-io/notifyhub/logger/adapters/adapters.go:361.9,363.4 1 0
github.com/kart-io/notifyhub/logger/adapters/adapters.go:367.85,368.31 1 0
github.com/kart-io/notifyhub/logger/adapters/adapters.go:368.31,369.20 1 0
github.com/kart-io/notifyhub/logger/adapters/adapters.go:369.20,371.4 1 0
github.com/kart-io/notifyhub/logger/adapters/adapters.go:371.9,373.4 1 0
github.com/kart-io/notifyhub/logger/adapters/adapters.go:377.107,378.30 1 0
github.com/kart-io/notifyhub/logger/adapters/adapters.go:378.30,380.3 1 0
github.com/kart-io/notifyhub/logger/adapters/adapters.go:382.2,385.45 3 0
github.com/kart-io/notifyhub/logger/adapters/adapters.go:385.45,388.3 1 0
github.com/kart-io/notifyhub/logger/adapters/adapters.go:388.8,388.37 1 0
github.com/kart-io/notifyhub/logger/adapters/adapters.go:388.37,391.3 1 0
github.com/kart-io/notifyhub/logger/adapters/adapters.go:417.81,422.2 1 0
github.com/kart-io/notifyhub/logger/adapters/adapters.go:424.70,429.2 1 0
github.com/kart-io/notifyhub/logger/adapters/adapters.go:431.81,432.30 1 0
github.com/kart-io/notifyhub/logger/adapters/adapters.go:432.30,433.20 1 0
github.com/kart-io/notifyhub/logger/adapters/adapters.go:433.20,435.4 1 0
github.com/kart-io/notifyhub/logger/adapters/adapters.go:435.9,437.4 1 0
github.com/kart-io/notifyhub/logger/adapters/adapters.go:441.81,442.30 1 0
github.com/kart-io/notifyhub/logger/adapters/adapters.go:442.30,443.20 1 0
github.com/kart-io/notifyhub/logger/adapters/adapters.go:443.20,445.4 1 0
github.com/kart-io/notifyhub/logger/adapters/adapters.go:445.9,447.4 1 0
github.com/kart-io/notifyhub/logger/adapters/adapters.go:451.82,452.31 1 0
github.com/kart-io/notifyhub/logger/adapters/adapters.go:452.31,453.20 1 0
github.com/kart-io/notifyhub/logger/adapters/adapters.go:453.20,455.4 1 0
github.com/kart-io/notifyhub/logger/adapters/adapters.go:455.9,457.4 1 0
github.com/kart-io/notifyhub/logger/adapters/adapters.go:461.82,462.31 1 0
github.com/kart-io/notifyhub/logger/adapters/adapters.go:462.31,463.20 1 0
github.com/kart-io/notifyhub/logger/adapters/adapters.go:463.20,465.4 1 0
github.com/kart-io/notifyhub/logger/adapters/adapters.go:465.9,467.4 1 0
github.com/kart-io/notifyhub/logger/adapters/adapters.go:471.104,472.30 1 0
github.com/kart-io/notifyhub/logger/adapters/adapters.go:472.30,474.3 1 0
github.com/kart-io/notifyhub/logger/adapters/adapters.go:476.2,479.45 3 0
github.com/kart-io/notifyhub/logger/adapters/adapters.go:479.45,482.3 1 0
github.com/kart-io/notifyhub/logger/adapters/adapters.go:482.8,482.37 1 0
github.com/kart-io/notifyhub/logger/adapters/adapters.go:482.37,485.3 1 0
github.com/kart-io/notifyhub/logger/adapters/adapters.go:518.90,523.2 1 0
github.com/kart-io/notifyhub/logger/adapters/adapters.go:525.77,530.2 1 0
github.com/kart-io/notifyhub/logger/adapters/adapters.go:532.88,533.30 1 0
github.com/kart-io/notifyhub/logger/adapters/adapters.go:533.30,534.20 1 0
github.com/kart-io/notifyhub/logger/adapters/adapters.go:534.20,536.4 1 0
github.com/kart-io/notifyhub/logger/adapters/adapters.go:536.9,538.4 1 0
github.com/kart-io/notifyhub/logger/adapters/adapters.go:542.88,543.30 1 0
github.com/kart-io/notifyhub/logger/adapters/adapters.go:543.30,544.20 1 0
github.com/kart-io/notifyhub/logger/adapters/adapters.go:544.20,546.4 1 0
github.com/kart-io/notifyhub/logger/adapters/adapters.go:546.9,548.4 1 0
github.com/kart-io/notifyhub/logger/adapters/adapters.go:552.89,553.31 1 0
github.com/kart-io/notifyhub/logger/adapters/adapters.go:553.31,554.20 1 0
github.com/kart-io/notifyhub/logger/adapters/adapters.go:554.20,556.4 1 0
github.com/kart-io/notifyhub/logger/adapters/adapters.go:556.9,558.4 1 0
github.com/kart-io/notifyhub/logger/adapters/adapters.go:562.89,563.31 1 0
github.com/kart-io/notifyhub/logger/adapters/adapters.go:563.31,564.20 1 0
github.com/kart-io/notifyhub/logger/adapters/adapters.go:564.20,566.4 1 0
github.com/kart-io/notifyhub/logger/adapters/adapters.go:566.9,568.4 1 0
github.com/kart-io/notifyhub/logger/adapters/adapters.go:572.111,573.30 1 0
github.com/kart-io/notifyhub/logger/adapters/adapters.go:573.30,575.3 1 0
github.com/kart-io/notifyhub/logger/adapters/adapters.go:577.2,587.45 4 0
github.com/kart-io/notifyhub/logger/adapters/adapters.go:587.45,588.63 1 0
github.com/kart-io/notifyhub/logger/adapters/adapters.go:588.63,590.4 1 0
github.com/kart-io/notifyhub/logger/adapters/adapters.go:590.9,593.4 1 0
github.com/kart-io/notifyhub/logger/adapters/adapters.go:594.8,594.37 1 0
github.com/kart-io/notifyhub/logger/adapters/adapters.go:594.37,595.58 1 0
github.com/kart-io/notifyhub/logger/adapters/adapters.go:595.58,597.4 1 0
github.com/kart-io/notifyhub/logger/adapters/adapters.go:597.9,600.4 1 0
github.com/kart-io/notifyhub/logger/adapters/adapters.go:628.108,633.2 1 0
github.com/kart-io/notifyhub/logger/adapters/adapters.go:635.83,640.2 1 0
github.com/kart-io/notifyhub/logger/adapters/adapters.go:642.94,643.30 1 0
github.com/kart-io/notifyhub/logger/adapters/adapters.go:643.30,644.20 1 0
github.com/kart-io/notifyhub/logger/adapters/adapters.go:644.20,646.4 1 0
github.com/kart-io/notifyhub/logger/adapters/adapters.go:646.9,648.4 1 0
github.com/kart-io/notifyhub/logger/adapters/adapters.go:652.94,653.30 1 0
github.com/kart-io/notifyhub/logger/adapters/adapters.go:653.30,654.20 1 0
github.com/kart-io/notifyhub/logger/adapters/adapters.go:654.20,656.4 1 0
github.com/kart-io/notifyhub/logger/adapters/adapters.go:656.9,658.4 1 0
github.com/kart-io/notifyhub/logger/adapters/adapters.go:662.95,663.31 1 0
github.com/kart-io/notifyhub/logger/adapters/adapters.go:663.31,664.20 1 0
github.com/kart-io/notifyhub/logger/adapters/adapters.go:664.20,666.4 1 0
github.com/kart-io/notifyhub/logger/adapters/adapters.go:666.9,668.4 1 0
github.com/kart-io/notifyhub/logger/adapters/adapters.go:672.95,673.31 1 0
github.com/kart-io/notifyhub/logger/adapters/adapters.go:673.31,674.20 1 0
github.com/kart-io/notifyhub/logger/adapters/adapters.go:674.20,676.4 1 0
github.com/kart-io/notifyhub/logger/adapters/adapters.go:676.9,678.4 1 0
github.com/kart-io/notifyhub/logger/adapters/adapters.go:682.117,683.30 1 0
github.com/kart-io/notifyhub/logger/adapters/adapters.go:683.30,685.3 1 0
github.com/kart-io/notifyhub/logger/adapters/adapters.go:687.2,690.45 3 0
github.com/kart-io/notifyhub/logger/adapters/adapters.go:690.45,693.3 1 0
github.com/kart-io/notifyhub/logger/adapters/adapters.go:693.8,693.37 1 0
github.com/kart-io/notifyhub/logger/adapters/adapters.go:693.37,696.3 1 0
github.com/kart-io/notifyhub/logger/interface.go:26.35,27.11 1 0
github.com/kart-io/notifyhub/logger/interface.go:28.14,29.18 1 0
github.com/kart-io/notifyhub/logger/interface.go:30.13,31.17 1 0
github.com/kart-io/notifyhub/logger/interface.go:32.12,33.16 1 0
github.com/kart-io/notifyhub/logger/interface.go:34.12,35.16 1 0
github.com/kart-io/notifyhub/logger/interface.go:36.13,37.17 1 0
github.com/kart-io/notifyhub/logger/interface.go:38.10,39.19 1 0
github.com/kart-io/notifyhub/logger/interface.go:109.54,109.55 0 0
github.com/kart-io/notifyhub/logger/interface.go:114.62,116.2 1 0
github.com/kart-io/notifyhub/logger/logger.go:19.50,30.21 2 0
github.com/kart-io/notifyhub/logger/logger.go:30.21,38.3 7 0
github.com/kart-io/notifyhub/logger/logger.go:40.2,50.3 1 0
github.com/kart-io/notifyhub/logger/logger.go:54.59,58.2 3 0
github.com/kart-io/notifyhub/logger/logger.go:60.84,61.24 1 0
github.com/kart-io/notifyhub/logger/logger.go:61.24,63.3 1 0
github.com/kart-io/notifyhub/logger/logger.go:66.84,67.24 1 0
github.com/kart-io/notifyhub/logger/logger.go:67.24,69.3 1 0
github.com/kart-io/notifyhub/logger/logger.go:72.85,73.25 1 0
github.com/kart-io/notifyhub/logger/logger.go:73.25,75.3 1 0
github.com/kart-io/notifyhub/logger/logger.go:78.85,79.25 1 0
github.com/kart-io/notifyhub/logger/logger.go:79.25,81.3 1 0
github.com/kart-io/notifyhub/logger/logger.go:85.125,86.26 1 0
github.com/kart-io/notifyhub/logger/logger.go:86.26,88.3 1 0
github.com/kart-io/notifyhub/logger/logger.go:90.2,91.9 2 0
github.com/kart-io/notifyhub/logger/logger.go:92.41,94.20 2 0
github.com/kart-io/notifyhub/logger/logger.go:94.20,96.4 1 0
github.com/kart-io/notifyhub/logger/logger.go:96.9,98.4 1 0
github.com/kart-io/notifyhub/logger/logger.go:99.79,102.20 3 0
github.com/kart-io/notifyhub/logger/logger.go:102.20,104.4 1 0
github.com/kart-io/notifyhub/logger/logger.go:104.9,106.4 1 0
github.com/kart-io/notifyhub/logger/logger.go:107.26,109.20 2 0
github.com/kart-io/notifyhub/logger/logger.go:109.20,111.4 1 0
github.com/kart-io/notifyhub/logger/logger.go:111.9,113.4 1 0
github.com/kart-io/notifyhub/logger/logger.go:118.31,120.2 1 0
github.com/kart-io/notifyhub/logger/logger.go:123.45,129.2 1 0
github.com/kart-io/notifyhub/logger/logger.go:134.58,136.2 1 0
github.com/kart-io/notifyhub/logger/logger.go:139.13,146.2 1 0
github.com/kart-io/notifyhub/observability/telemetry.go:39.84,40.16 1 0
github.com/kart-io/notifyhub/observability/telemetry.go:40.16,51.3 1 0
github.com/kart-io/notifyhub/observability/telemetry.go:53.2,57.18 2 0
github.com/kart-io/notifyhub/observability/telemetry.go:57.18,62.3 3 0
github.com/kart-io/notifyhub/observability/telemetry.go:65.2,65.24 1 0
github.com/kart-io/notifyhub/observability/telemetry.go:65.24,66.42 1 0
github.com/kart-io/notifyhub/observability/telemetry.go:66.42,68.4 1 0
github.com/kart-io/notifyhub/observability/telemetry.go:72.2,72.24 1 0
github.com/kart-io/notifyhub/observability/telemetry.go:72.24,73.42 1 0
github.com/kart-io/notifyhub/observability/telemetry.go:73.42,75.4 1 0
github.com/kart-io/notifyhub/observability/telemetry.go:78.2,78.16 1 0
github.com/kart-io/notifyhub/observability/telemetry.go:82.50,91.16 2 0
github.com/kart-io/notifyhub/observability/telemetry.go:91.16,93.3 1 0
github.com/kart-io/notifyhub/observability/telemetry.go:96.2,102.16 2 0
github.com/kart-io/notifyhub/observability/telemetry.go:102.16,104.3 1 0
github.com/kart-io/notifyhub/observability/telemetry.go:107.2,125.12 5 0
github.com/kart-io/notifyhub/observability/telemetry.go:129.50,143.16 4 0
github.com/kart-io/notifyhub/observability/telemetry.go:143.16,145.3 1 0
github.com/kart-io/notifyhub/observability/telemetry.go:147.2,151.16 2 0
github.com/kart-io/notifyhub/observability/telemetry.go:151.16,153.3 1 0
github.com/kart-io/notifyhub/observability/telemetry.go:155.2,159.16 2 0
github.com/kart-io/notifyhub/observability/telemetry.go:159.16,161.3 1 0
github.com/kart-io/notifyhub/observability/telemetry.go:164.2,169.16 2 0
github.com/kart-io/notifyhub/observability/telemetry.go:169.16,171.3 1 0
github.com/kart-io/notifyhub/observability/telemetry.go:174.2,178.16 2 0
github.com/kart-io/notifyhub/observability/telemetry.go:178.16,180.3 1 0
github.com/kart-io/notifyhub/observability/telemetry.go:182.2,182.12 1 0
github.com/kart-io/notifyhub/observability/telemetry.go:186.152,187.22 1 0
github.com/kart-io/notifyhub/observability/telemetry.go:187.22,190.3 1 0
github.com/kart-io/notifyhub/observability/telemetry.go:192.2,195.3 1 0
github.com/kart-io/notifyhub/observability/telemetry.go:199.146,208.2 2 0
github.com/kart-io/notifyhub/observability/telemetry.go:211.137,219.2 2 0
github.com/kart-io/notifyhub/observability/telemetry.go:222.110,223.28 1 0
github.com/kart-io/notifyhub/observability/telemetry.go:223.28,228.3 1 0
github.com/kart-io/notifyhub/observability/telemetry.go:230.2,230.28 1 0
github.com/kart-io/notifyhub/observability/telemetry.go:230.28,235.3 1 0
github.com/kart-io/notifyhub/observability/telemetry.go:239.130,240.30 1 0
github.com/kart-io/notifyhub/observability/telemetry.go:240.30,245.3 1 0
github.com/kart-io/notifyhub/observability/telemetry.go:247.2,247.28 1 0
github.com/kart-io/notifyhub/observability/telemetry.go:247.28,252.3 1 0
github.com/kart-io/notifyhub/observability/telemetry.go:256.91,257.32 1 0
github.com/kart-io/notifyhub/observability/telemetry.go:257.32,261.3 1 0
github.com/kart-io/notifyhub/observability/telemetry.go:265.97,266.25 1 0
github.com/kart-io/notifyhub/observability/telemetry.go:266.25,270.3 1 0
github.com/kart-io/notifyhub/observability/telemetry.go:274.71,275.31 1 0
github.com/kart-io/notifyhub/observability/telemetry.go:275.31,278.3 2 0
github.com/kart-io/notifyhub/observability/telemetry.go:282.62,283.17 1 0
github.com/kart-io/notifyhub/observability/telemetry.go:283.17,285.3 1 0
github.com/kart-io/notifyhub/observability/telemetry.go:289.66,290.29 1 0
github.com/kart-io/notifyhub/observability/telemetry.go:290.29,292.3 1 0
github.com/kart-io/notifyhub/observability/telemetry.go:293.2,293.12 1 0
github.com/kart-io/notifyhub/observability/telemetry.go:297.55,299.2 1 0
github.com/kart-io/notifyhub/observability/telemetry.go:302.54,304.2 1 0
github.com/kart-io/notifyhub/queue/scheduler/enhanced.go:18.60,24.2 3 0
github.com/kart-io/notifyhub/queue/scheduler/enhanced.go:27.90,29.18 1 0
github.com/kart-io/notifyhub/queue/scheduler/enhanced.go:29.18,31.3 1 0
github.com/kart-io/notifyhub/queue/scheduler/enhanced.go:34.2,34.28 1 0
github.com/kart-io/notifyhub/queue/scheduler/enhanced.go:34.28,36.3 1 0
github.com/kart-io/notifyhub/queue/scheduler/enhanced.go:39.2,39.49 1 0
github.com/kart-io/notifyhub/queue/scheduler/enhanced.go:39.49,42.3 1 0
github.com/kart-io/notifyhub/queue/scheduler/enhanced.go:45.2,45.39 1 0
github.com/kart-io/notifyhub/queue/scheduler/enhanced.go:49.78,51.2 1 0
github.com/kart-io/notifyhub/queue/scheduler/enhanced.go:54.50,56.2 1 0
github.com/kart-io/notifyhub/queue/scheduler/enhanced.go:59.72,61.2 1 0
github.com/kart-io/notifyhub/queue/scheduler/enhanced.go:64.40,65.25 1 0
github.com/kart-io/notifyhub/queue/scheduler/enhanced.go:65.25,67.3 1 0
github.com/kart-io/notifyhub/queue/scheduler/enhanced.go:68.2,68.29 1 0
github.com/kart-io/notifyhub/queue/scheduler/enhanced.go:72.37,74.2 1 0
github.com/kart-io/notifyhub/queue/scheduler/enhanced.go:77.60,79.2 1 0
github.com/kart-io/notifyhub/queue/scheduler/scheduler.go:22.49,22.66 1 0
github.com/kart-io/notifyhub/queue/scheduler/scheduler.go:23.49,23.99 1 0
github.com/kart-io/notifyhub/queue/scheduler/scheduler.go:24.44,28.2 3 0
github.com/kart-io/notifyhub/queue/scheduler/scheduler.go:30.50,35.2 4 0
github.com/kart-io/notifyhub/queue/scheduler/scheduler.go:37.48,45.2 7 0
github.com/kart-io/notifyhub/queue/scheduler/scheduler.go:59.62,76.2 5 0
github.com/kart-io/notifyhub/queue/scheduler/scheduler.go:79.69,80.28 1 0
github.com/kart-io/notifyhub/queue/scheduler/scheduler.go:80.28,84.3 2 0
github.com/kart-io/notifyhub/queue/scheduler/scheduler.go:86.2,96.12 6 0
github.com/kart-io/notifyhub/queue/scheduler/scheduler.go:100.34,103.6 2 0
github.com/kart-io/notifyhub/queue/scheduler/scheduler.go:103.6,104.10 1 0
github.com/kart-io/notifyhub/queue/scheduler/scheduler.go:105.23,106.10 1 0
github.com/kart-io/notifyhub/queue/scheduler/scheduler.go:107.19,108.10 1 0
github.com/kart-io/notifyhub/queue/scheduler/scheduler.go:109.21,110.32 1 0
github.com/kart-io/notifyhub/queue/scheduler/scheduler.go:116.55,123.23 4 0
github.com/kart-io/notifyhub/queue/scheduler/scheduler.go:123.23,127.33 2 0
github.com/kart-io/notifyhub/queue/scheduler/scheduler.go:127.33,129.9 1 0
github.com/kart-io/notifyhub/queue/scheduler/scheduler.go:133.3,136.30 2 0
github.com/kart-io/notifyhub/queue/scheduler/scheduler.go:136.30,137.57 1 0
github.com/kart-io/notifyhub/queue/scheduler/scheduler.go:137.58,140.5 0 0
github.com/kart-io/notifyhub/queue/scheduler/scheduler.go:146.35,152.2 3 0
github.com/kart-io/notifyhub/queue/scheduler/scheduler.go:155.50,159.2 3 0
github.com/kart-io/notifyhub/queue/scheduler/scheduler.go:162.61,166.23 3 0
github.com/kart-io/notifyhub/queue/scheduler/scheduler.go:166.23,168.3 1 0
github.com/kart-io/notifyhub/queue/scheduler/scheduler.go:170.2,171.14 2 0
github.com/kart-io/notifyhub/queue/backends/redis/redis.go:39.60,45.2 1 0
github.com/kart-io/notifyhub/queue/backends/redis/redis.go:48.50,57.2 1 0
github.com/kart-io/notifyhub/queue/backends/redis/redis.go:60.52,65.2 1 0
github.com/kart-io/notifyhub/queue/backends/redis/redis.go:79.69,80.20 1 0
github.com/kart-io/notifyhub/queue/backends/redis/redis.go:80.20,82.3 1 0
github.com/kart-io/notifyhub/queue/backends/redis/redis.go:84.2,92.47 3 0
github.com/kart-io/notifyhub/queue/backends/redis/redis.go:92.47,95.3 2 0
github.com/kart-io/notifyhub/queue/backends/redis/redis.go:97.2,97.71 1 0
github.com/kart-io/notifyhub/queue/backends/redis/redis.go:101.80,102.20 1 0
github.com/kart-io/notifyhub/queue/backends/redis/redis.go:102.20,104.3 1 0
github.com/kart-io/notifyhub/queue/backends/redis/redis.go:106.2,114.47 3 0
github.com/kart-io/notifyhub/queue/backends/redis/redis.go:114.47,117.3 2 0
github.com/kart-io/notifyhub/queue/backends/redis/redis.go:119.2,119.71 1 0
github.com/kart-io/notifyhub/queue/backends/redis/redis.go:124.99,125.19 1 0
github.com/kart-io/notifyhub/queue/backends/redis/redis.go:125.19,127.3 1 0
github.com/kart-io/notifyhub/queue/backends/redis/redis.go:129.2,129.19 1 0
github.com/kart-io/notifyhub/queue/backends/redis/redis.go:129.19,131.3 1 0
github.com/kart-io/notifyhub/queue/backends/redis/redis.go:134.2,135.47 2 0
github.com/kart-io/notifyhub/queue/backends/redis/redis.go:135.47,137.3 1 0
github.com/kart-io/notifyhub/queue/backends/redis/redis.go:139.2,139.52 1 0
github.com/kart-io/notifyhub/queue/backends/redis/redis.go:143.118,154.45 3 0
github.com/kart-io/notifyhub/queue/backends/redis/redis.go:154.45,156.22 2 0
github.com/kart-io/notifyhub/queue/backends/redis/redis.go:156.22,158.4 1 0
github.com/kart-io/notifyhub/queue/backends/redis/redis.go:159.3,159.62 1 0
github.com/kart-io/notifyhub/queue/backends/redis/redis.go:162.2,162.15 1 0
github.com/kart-io/notifyhub/queue/backends/redis/redis.go:166.47,169.81 2 0
github.com/kart-io/notifyhub/queue/backends/redis/redis.go:169.81,171.3 1 0
github.com/kart-io/notifyhub/queue/backends/redis/redis.go:172.2,172.12 1 0
github.com/kart-io/notifyhub/queue/backends/redis/redis.go:176.87,177.14 1 0
github.com/kart-io/notifyhub/queue/backends/redis/redis.go:177.14,179.3 1 0
github.com/kart-io/notifyhub/queue/backends/redis/redis.go:182.2,182.18 1 0
github.com/kart-io/notifyhub/queue/backends/redis/redis.go:182.18,184.3 1 0
github.com/kart-io/notifyhub/queue/backends/redis/redis.go:187.2,187.28 1 0
github.com/kart-io/notifyhub/queue/backends/redis/redis.go:187.28,189.3 1 0
github.com/kart-io/notifyhub/queue/backends/redis/redis.go:192.2,193.16 2 0
github.com/kart-io/notifyhub/queue/backends/redis/redis.go:193.16,195.3 1 0
github.com/kart-io/notifyhub/queue/backends/redis/redis.go:198.2,210.16 3 0
github.com/kart-io/notifyhub/queue/backends/redis/redis.go:210.16,212.3 1 0
github.com/kart-io/notifyhub/queue/backends/redis/redis.go:214.2,214.22 1 0
github.com/kart-io/notifyhub/queue/backends/redis/redis.go:218.75,219.14 1 0
github.com/kart-io/notifyhub/queue/backends/redis/redis.go:219.14,221.3 1 0
github.com/kart-io/notifyhub/queue/backends/redis/redis.go:224.2,235.16 3 0
github.com/kart-io/notifyhub/queue/backends/redis/redis.go:235.16,236.23 1 0
github.com/kart-io/notifyhub/queue/backends/redis/redis.go:236.23,238.4 1 0
github.com/kart-io/notifyhub/queue/backends/redis/redis.go:239.3,239.54 1 0
github.com/kart-io/notifyhub/queue/backends/redis/redis.go:242.2,242.56 1 0
github.com/kart-io/notifyhub/queue/backends/redis/redis.go:242.56,244.3 1 0
github.com/kart-io/notifyhub/queue/backends/redis/redis.go:247.2,248.40 2 0
github.com/kart-io/notifyhub/queue/backends/redis/redis.go:252.91,254.9 2 0
github.com/kart-io/notifyhub/queue/backends/redis/redis.go:254.9,256.3 1 0
github.com/kart-io/notifyhub/queue/backends/redis/redis.go:258.2,259.62 2 0
github.com/kart-io/notifyhub/queue/backends/redis/redis.go:259.62,261.3 1 0
github.com/kart-io/notifyhub/queue/backends/redis/redis.go:264.2,266.18 2 0
github.com/kart-io/notifyhub/queue/backends/redis/redis.go:270.46,271.14 1 0
github.com/kart-io/notifyhub/queue/backends/redis/redis.go:271.14,273.3 1 0
github.com/kart-io/notifyhub/queue/backends/redis/redis.go:277.2,277.87 1 0
github.com/kart-io/notifyhub/queue/backends/redis/redis.go:281.68,282.14 1 0
github.com/kart-io/notifyhub/queue/backends/redis/redis.go:282.14,284.3 1 0
github.com/kart-io/notifyhub/queue/backends/redis/redis.go:289.2,289.12 1 0
github.com/kart-io/notifyhub/queue/backends/redis/redis.go:293.42,302.37 2 0
github.com/kart-io/notifyhub/queue/backends/redis/redis.go:302.37,304.3 1 0
github.com/kart-io/notifyhub/queue/backends/redis/redis.go:306.2,307.28 2 0
github.com/kart-io/notifyhub/queue/backends/redis/redis.go:307.28,308.38 1 0
github.com/kart-io/notifyhub/queue/backends/redis/redis.go:308.38,310.4 1 0
github.com/kart-io/notifyhub/queue/backends/redis/redis.go:313.2,313.27 1 0
github.com/kart-io/notifyhub/queue/backends/redis/redis.go:313.27,321.3 1 0
github.com/kart-io/notifyhub/queue/backends/redis/redis.go:326.36,327.14 1 0
github.com/kart-io/notifyhub/queue/backends/redis/redis.go:327.14,329.3 1 0
github.com/kart-io/notifyhub/queue/backends/redis/redis.go:331.2,335.23 3 0
github.com/kart-io/notifyhub/queue/backends/redis/redis.go:335.23,337.3 1 0
github.com/kart-io/notifyhub/queue/backends/redis/redis.go:339.2,339.12 1 0
github.com/kart-io/notifyhub/queue/backends/redis/redis.go:343.33,345.16 2 0
github.com/kart-io/notifyhub/queue/backends/redis/redis.go:345.16,347.3 1 0
github.com/kart-io/notifyhub/queue/backends/redis/redis.go:348.2,348.20 1 0
github.com/kart-io/notifyhub/queue/backends/redis/redis.go:352.56,353.14 1 0
github.com/kart-io/notifyhub/queue/backends/redis/redis.go:353.14,355.3 1 0
github.com/kart-io/notifyhub/queue/backends/redis/redis.go:357.2,357.33 1 0
github.com/kart-io/notifyhub/queue/backends/redis/redis.go:361.26,363.2 1 0
github.com/kart-io/notifyhub/queue/worker/worker.go:35.113,36.24 1 0
github.com/kart-io/notifyhub/queue/worker/worker.go:36.24,38.3 1 0
github.com/kart-io/notifyhub/queue/worker/worker.go:39.2,39.22 1 0
github.com/kart-io/notifyhub/queue/worker/worker.go:39.22,41.3 1 0
github.com/kart-io/notifyhub/queue/worker/worker.go:43.2,53.3 2 0
github.com/kart-io/notifyhub/queue/worker/worker.go:57.51,59.37 1 0
github.com/kart-io/notifyhub/queue/worker/worker.go:59.37,66.3 4 0
github.com/kart-io/notifyhub/queue/worker/worker.go:67.2,67.12 1 0
github.com/kart-io/notifyhub/queue/worker/worker.go:71.25,78.39 3 0
github.com/kart-io/notifyhub/queue/worker/worker.go:78.39,80.3 1 0
github.com/kart-io/notifyhub/queue/worker/worker.go:82.2,82.13 1 0
github.com/kart-io/notifyhub/queue/worker/worker.go:86.82,89.6 2 0
github.com/kart-io/notifyhub/queue/worker/worker.go:89.6,90.10 1 0
github.com/kart-io/notifyhub/queue/worker/worker.go:91.21,92.10 1 0
github.com/kart-io/notifyhub/queue/worker/worker.go:93.19,94.10 1 0
github.com/kart-io/notifyhub/queue/worker/worker.go:95.17,96.10 1 0
github.com/kart-io/notifyhub/queue/worker/worker.go:97.11,98.25 1 0
github.com/kart-io/notifyhub/queue/worker/worker.go:104.54,110.16 4 0
github.com/kart-io/notifyhub/queue/worker/worker.go:110.16,112.3 1 0
github.com/kart-io/notifyhub/queue/worker/worker.go:114.2,126.17 8 0
github.com/kart-io/notifyhub/queue/worker/worker.go:126.17,133.51 3 0
github.com/kart-io/notifyhub/queue/worker/worker.go:133.51,142.14 4 0
github.com/kart-io/notifyhub/queue/worker/worker.go:142.14,145.5 2 0
github.com/kart-io/notifyhub/queue/worker/worker.go:146.9,150.4 2 0
github.com/kart-io/notifyhub/queue/worker/worker.go:151.8,155.3 2 0
github.com/kart-io/notifyhub/queue/worker/worker.go:159.68,160.33 1 0
github.com/kart-io/notifyhub/queue/worker/worker.go:160.33,161.22 1 0
github.com/kart-io/notifyhub/queue/worker/worker.go:161.22,163.4 1 0
github.com/kart-io/notifyhub/queue/worker/worker.go:165.2,165.14 1 0
github.com/kart-io/notifyhub/queue/worker/worker.go:169.85,170.16 1 0
github.com/kart-io/notifyhub/queue/worker/worker.go:170.16,172.3 1 0
github.com/kart-io/notifyhub/queue/worker/worker.go:174.2,175.33 2 0
github.com/kart-io/notifyhub/queue/worker/worker.go:175.33,176.22 1 0
github.com/kart-io/notifyhub/queue/worker/worker.go:176.22,178.4 1 0
github.com/kart-io/notifyhub/queue/worker/worker.go:181.2,181.21 1 0
github.com/kart-io/notifyhub/queue/worker/worker.go:181.21,183.3 1 0
github.com/kart-io/notifyhub/queue/worker/worker.go:185.2,185.24 1 0
github.com/kart-io/notifyhub/queue/callbacks/callback.go:60.115,62.2 1 0
github.com/kart-io/notifyhub/queue/callbacks/callback.go:65.90,67.2 1 0
github.com/kart-io/notifyhub/queue/callbacks/callback.go:70.39,72.2 1 0
github.com/kart-io/notifyhub/queue/callbacks/callback.go:93.80,94.15 1 0
github.com/kart-io/notifyhub/queue/callbacks/callback.go:95.25,96.42 1 0
github.com/kart-io/notifyhub/queue/callbacks/callback.go:97.27,98.46 1 0
github.com/kart-io/notifyhub/queue/callbacks/callback.go:99.26,100.44 1 0
github.com/kart-io/notifyhub/queue/callbacks/callback.go:101.31,102.54 1 0
github.com/kart-io/notifyhub/queue/callbacks/callback.go:112.46,118.2 1 0
github.com/kart-io/notifyhub/queue/callbacks/callback.go:121.180,124.29 2 0
github.com/kart-io/notifyhub/queue/callbacks/callback.go:124.29,126.3 1 0
github.com/kart-io/notifyhub/queue/callbacks/callback.go:128.2,141.15 3 0
github.com/kart-io/notifyhub/queue/callbacks/callback.go:142.25,143.34 1 0
github.com/kart-io/notifyhub/queue/callbacks/callback.go:144.27,145.36 1 0
github.com/kart-io/notifyhub/queue/callbacks/callback.go:146.26,147.35 1 0
github.com/kart-io/notifyhub/queue/callbacks/callback.go:148.31,149.40 1 0
github.com/kart-io/notifyhub/queue/callbacks/callback.go:153.2,153.40 1 0
github.com/kart-io/notifyhub/queue/callbacks/callback.go:153.40,155.3 1 0
github.com/kart-io/notifyhub/queue/callbacks/callback.go:158.2,158.32 1 0
github.com/kart-io/notifyhub/queue/callbacks/callback.go:158.32,160.3 1 0
github.com/kart-io/notifyhub/queue/callbacks/callback.go:164.138,165.18 1 0
github.com/kart-io/notifyhub/queue/callbacks/callback.go:165.18,167.3 1 0
github.com/kart-io/notifyhub/queue/callbacks/callback.go:169.2,176.16 6 0
github.com/kart-io/notifyhub/queue/callbacks/callback.go:176.16,178.3 1 0
github.com/kart-io/notifyhub/queue/callbacks/callback.go:178.8,180.3 1 0
github.com/kart-io/notifyhub/queue/callbacks/callback.go:184.131,186.18 2 0
github.com/kart-io/notifyhub/queue/callbacks/callback.go:186.18,188.3 1 0
github.com/kart-io/notifyhub/queue/callbacks/callback.go:190.2,195.16 4 0
github.com/kart-io/notifyhub/queue/callbacks/callback.go:195.16,198.3 2 0
github.com/kart-io/notifyhub/queue/callbacks/callback.go:201.2,202.16 2 0
github.com/kart-io/notifyhub/queue/callbacks/callback.go:202.16,205.3 2 0
github.com/kart-io/notifyhub/queue/callbacks/callback.go:207.2,211.35 3 0
github.com/kart-io/notifyhub/queue/callbacks/callback.go:211.35,216.3 4 0
github.com/kart-io/notifyhub/queue/callbacks/callback.go:219.2,223.16 4 0
github.com/kart-io/notifyhub/queue/callbacks/callback.go:223.16,226.3 2 0
github.com/kart-io/notifyhub/queue/callbacks/callback.go:227.2,229.53 2 0
github.com/kart-io/notifyhub/queue/callbacks/callback.go:229.53,231.3 1 0
github.com/kart-io/notifyhub/queue/callbacks/callback.go:231.8,233.3 1 0
github.com/kart-io/notifyhub/queue/callbacks/callback.go:247.101,248.19 1 0
github.com/kart-io/notifyhub/queue/callbacks/callback.go:248.19,250.3 1 0
github.com/kart-io/notifyhub/queue/callbacks/callback.go:251.2,251.53 1 0
github.com/kart-io/notifyhub/queue/callbacks/callback.go:255.93,256.27 1 0
github.com/kart-io/notifyhub/queue/callbacks/callback.go:257.25,258.107 1 0
github.com/kart-io/notifyhub/queue/callbacks/callback.go:259.27,260.114 1 0
github.com/kart-io/notifyhub/queue/callbacks/callback.go:261.26,262.100 1 0
github.com/kart-io/notifyhub/queue/callbacks/callback.go:263.31,264.106 1 0
github.com/kart-io/notifyhub/queue/callbacks/callback.go:266.2,266.12 1 0
github.com/kart-io/notifyhub/queue/callbacks/callback.go:270.42,272.2 1 0
github.com/kart-io/notifyhub/queue/core/simple.go:21.45,22.21 1 0
github.com/kart-io/notifyhub/queue/core/simple.go:22.21,24.3 1 0
github.com/kart-io/notifyhub/queue/core/simple.go:25.2,30.10 2 0
github.com/kart-io/notifyhub/queue/core/simple.go:34.82,38.14 3 0
github.com/kart-io/notifyhub/queue/core/simple.go:38.14,40.3 1 0
github.com/kart-io/notifyhub/queue/core/simple.go:43.2,43.18 1 0
github.com/kart-io/notifyhub/queue/core/simple.go:43.18,45.3 1 0
github.com/kart-io/notifyhub/queue/core/simple.go:48.2,48.28 1 0
github.com/kart-io/notifyhub/queue/core/simple.go:48.28,50.3 1 0
github.com/kart-io/notifyhub/queue/core/simple.go:56.2,57.9 2 0
github.com/kart-io/notifyhub/queue/core/simple.go:58.24,59.21 1 0
github.com/kart-io/notifyhub/queue/core/simple.go:60.10,62.38 2 0
github.com/kart-io/notifyhub/queue/core/simple.go:67.70,68.9 1 0
github.com/kart-io/notifyhub/queue/core/simple.go:69.26,70.18 1 0
github.com/kart-io/notifyhub/queue/core/simple.go:71.20,72.24 1 0
github.com/kart-io/notifyhub/queue/core/simple.go:77.47,82.2 4 0
github.com/kart-io/notifyhub/queue/core/simple.go:85.69,88.46 3 0
github.com/kart-io/notifyhub/queue/core/simple.go:88.46,91.3 2 0
github.com/kart-io/notifyhub/queue/core/simple.go:92.2,92.12 1 0
github.com/kart-io/notifyhub/queue/core/simple.go:96.37,100.15 3 0
github.com/kart-io/notifyhub/queue/core/simple.go:100.15,103.3 2 0
github.com/kart-io/notifyhub/queue/core/simple.go:104.2,104.12 1 0
github.com/kart-io/notifyhub/queue/core/simple.go:108.34,112.2 3 0
github.com/kart-io/notifyhub/queue/core/simple.go:115.57,119.14 3 0
github.com/kart-io/notifyhub/queue/core/simple.go:119.14,121.3 1 0
github.com/kart-io/notifyhub/queue/core/simple.go:122.2,122.12 1 0
github.com/kart-io/notifyhub/queue/retry/policy.go:17.40,24.2 1 0
github.com/kart-io/notifyhub/queue/retry/policy.go:27.57,28.30 1 0
github.com/kart-io/notifyhub/queue/retry/policy.go:28.30,30.3 1 0
github.com/kart-io/notifyhub/queue/retry/policy.go:33.2,34.32 2 0
github.com/kart-io/notifyhub/queue/retry/policy.go:34.32,36.3 1 0
github.com/kart-io/notifyhub/queue/retry/policy.go:39.2,39.21 1 0
github.com/kart-io/notifyhub/queue/retry/policy.go:39.21,42.3 2 0
github.com/kart-io/notifyhub/queue/retry/policy.go:44.2,44.33 1 0
github.com/kart-io/notifyhub/queue/retry/policy.go:48.54,50.2 1 0
github.com/kart-io/notifyhub/queue/retry/policy.go:53.111,60.2 1 0
github.com/kart-io/notifyhub/queue/retry/policy.go:63.79,70.2 1 0
github.com/kart-io/notifyhub/queue/retry/policy.go:73.35,80.2 1 0
github.com/kart-io/notifyhub/queue/retry/policy.go:83.43,90.2 1 0
